# JRE version: OpenJDK Runtime Environment (10.0.2+13) (build 10.0.2+13-Ubuntu-1ubuntu0.18.04.2)
# Java VM: OpenJDK 64-Bit Server VM (10.0.2+13-Ubuntu-1ubuntu0.18.04.2, mixed mode, tiered, compressed oops, g1 gc, linux-amd64)
Heap:
 garbage-first heap   total 380928K, used 3364K [0x0000000084e00000, 0x0000000100000000)
  region size 1024K, 1 young (1024K), 1 survivors (1024K)
 Metaspace       used 13656K, capacity 13973K, committed 14080K, reserved 1062912K
  class space    used 1282K, capacity 1478K, committed 1536K, reserved 1048576K
GC Heap History (10 events):
Event: 25.954 GC heap after
{Heap after GC invocations=25 (full 0):
 garbage-first heap   total 126976K, used 3280K [0x0000000084e00000, 0x0000000100000000)
  region size 1024K, 3 young (3072K), 3 survivors (3072K)
 Metaspace       used 13656K, capacity 13973K, committed 14080K, reserved 1062912K
  class space    used 1282K, capacity 1478K, committed 1536K, reserved 1048576K
}
Event: 27.794 GC heap before
{Heap before GC invocations=26 (full 0):
 garbage-first heap   total 126976K, used 59600K [0x0000000084e00000, 0x0000000100000000)
  region size 1024K, 5 young (5120K), 3 survivors (3072K)
 Metaspace       used 13656K, capacity 13973K, committed 14080K, reserved 1062912K
  class space    used 1282K, capacity 1478K, committed 1536K, reserved 1048576K
}
Event: 27.858 GC heap after
{Heap after GC invocations=27 (full 0):
 garbage-first heap   total 126976K, used 3384K [0x0000000084e00000, 0x0000000100000000)
  region size 1024K, 3 young (3072K), 3 survivors (3072K)
 Metaspace       used 13656K, capacity 13973K, committed 14080K, reserved 1062912K
  class space    used 1282K, capacity 1478K, committed 1536K, reserved 1048576K
}
Event: 36.789 GC heap before
{Heap before GC invocations=28 (full 0):
 garbage-first heap   total 126976K, used 59704K [0x0000000084e00000, 0x0000000100000000)
  region size 1024K, 5 young (5120K), 3 survivors (3072K)
 Metaspace       used 13656K, capacity 13973K, committed 14080K, reserved 1062912K
  class space    used 1282K, capacity 1478K, committed 1536K, reserved 1048576K
}
Event: 38.949 GC heap after
{Heap after GC invocations=29 (full 0):
 garbage-first heap   total 126976K, used 3281K [0x0000000084e00000, 0x0000000100000000)
  region size 1024K, 3 young (3072K), 3 survivors (3072K)
 Metaspace       used 13656K, capacity 13973K, committed 14080K, reserved 1062912K
  class space    used 1282K, capacity 1478K, committed 1536K, reserved 1048576K
}
Event: 62.792 GC heap before
{Heap before GC invocations=30 (full 0):
 garbage-first heap   total 126976K, used 58577K [0x0000000084e00000, 0x0000000100000000)
  region size 1024K, 4 young (4096K), 3 survivors (3072K)
 Metaspace       used 13656K, capacity 13973K, committed 14080K, reserved 1062912K
  class space    used 1282K, capacity 1478K, committed 1536K, reserved 1048576K
}
Event: 64.330 GC heap after
{Heap after GC invocations=31 (full 0):
 garbage-first heap   total 126976K, used 3467K [0x0000000084e00000, 0x0000000100000000)
  region size 1024K, 1 young (1024K), 1 survivors (1024K)
 Metaspace       used 13656K, capacity 13973K, committed 14080K, reserved 1062912K
  class space    used 1282K, capacity 1478K, committed 1536K, reserved 1048576K
}
Event: 152.490 GC heap before
{Heap before GC invocations=32 (full 0):
 garbage-first heap   total 126976K, used 56715K [0x0000000084e00000, 0x0000000100000000)
  region size 1024K, 2 young (2048K), 1 survivors (1024K)
 Metaspace       used 13656K, capacity 13973K, committed 14080K, reserved 1062912K
  class space    used 1282K, capacity 1478K, committed 1536K, reserved 1048576K
}
Event: 164.883 GC heap after
{Heap after GC invocations=33 (full 0):
 garbage-first heap   total 126976K, used 3415K [0x0000000084e00000, 0x0000000100000000)
  region size 1024K, 1 young (1024K), 1 survivors (1024K)
 Metaspace       used 13656K, capacity 13973K, committed 14080K, reserved 1062912K
  class space    used 1282K, capacity 1478K, committed 1536K, reserved 1048576K
}
Event: 281.273 GC heap before
{Heap before GC invocations=34 (full 0):
 garbage-first heap   total 126976K, used 55639K [0x0000000084e00000, 0x0000000100000000)
  region size 1024K, 2 young (2048K), 1 survivors (1024K)
 Metaspace       used 13656K, capacity 13973K, committed 14080K, reserved 1062912K
  class space    used 1282K, capacity 1478K, committed 1536K, reserved 1048576K
}

