# JRE version: OpenJDK Runtime Environment (10.0.2+13) (build 10.0.2+13-Ubuntu-1ubuntu0.18.04.2)
# Java VM: OpenJDK 64-Bit Server VM (10.0.2+13-Ubuntu-1ubuntu0.18.04.2, mixed mode, tiered, compressed oops, g1 gc, linux-amd64)
Heap:
 garbage-first heap   total 693248K, used 253022K [0x0000000084e00000, 0x0000000100000000)
  region size 1024K, 1 young (1024K), 1 survivors (1024K)
 Metaspace       used 14008K, capacity 14369K, committed 14592K, reserved 1062912K
  class space    used 1277K, capacity 1479K, committed 1536K, reserved 1048576K
GC Heap History (10 events):
Event: 10.300 GC heap after
{Heap after GC invocations=90 (full 0):
 garbage-first heap   total 532480K, used 247886K [0x0000000084e00000, 0x0000000100000000)
  region size 1024K, 1 young (1024K), 1 survivors (1024K)
 Metaspace       used 14007K, capacity 14369K, committed 14592K, reserved 1062912K
  class space    used 1277K, capacity 1479K, committed 1536K, reserved 1048576K
}
Event: 10.333 GC heap before
{Heap before GC invocations=91 (full 0):
 garbage-first heap   total 532480K, used 249934K [0x0000000084e00000, 0x0000000100000000)
  region size 1024K, 3 young (3072K), 1 survivors (1024K)
 Metaspace       used 14007K, capacity 14369K, committed 14592K, reserved 1062912K
  class space    used 1277K, capacity 1479K, committed 1536K, reserved 1048576K
}
Event: 10.337 GC heap after
{Heap after GC invocations=92 (full 0):
 garbage-first heap   total 532480K, used 248902K [0x0000000084e00000, 0x0000000100000000)
  region size 1024K, 1 young (1024K), 1 survivors (1024K)
 Metaspace       used 14007K, capacity 14369K, committed 14592K, reserved 1062912K
  class space    used 1277K, capacity 1479K, committed 1536K, reserved 1048576K
}
Event: 10.399 GC heap before
{Heap before GC invocations=93 (full 0):
 garbage-first heap   total 532480K, used 251974K [0x0000000084e00000, 0x0000000100000000)
  region size 1024K, 3 young (3072K), 1 survivors (1024K)
 Metaspace       used 14007K, capacity 14369K, committed 14592K, reserved 1062912K
  class space    used 1277K, capacity 1479K, committed 1536K, reserved 1048576K
}
Event: 10.402 GC heap after
{Heap after GC invocations=94 (full 0):
 garbage-first heap   total 532480K, used 250935K [0x0000000084e00000, 0x0000000100000000)
  region size 1024K, 1 young (1024K), 1 survivors (1024K)
 Metaspace       used 14007K, capacity 14369K, committed 14592K, reserved 1062912K
  class space    used 1277K, capacity 1479K, committed 1536K, reserved 1048576K
}
Event: 10.429 GC heap before
{Heap before GC invocations=95 (full 0):
 garbage-first heap   total 532480K, used 251959K [0x0000000084e00000, 0x0000000100000000)
  region size 1024K, 2 young (2048K), 1 survivors (1024K)
 Metaspace       used 14008K, capacity 14369K, committed 14592K, reserved 1062912K
  class space    used 1277K, capacity 1479K, committed 1536K, reserved 1048576K
}
Event: 10.433 GC heap after
{Heap after GC invocations=96 (full 0):
 garbage-first heap   total 532480K, used 250966K [0x0000000084e00000, 0x0000000100000000)
  region size 1024K, 1 young (1024K), 1 survivors (1024K)
 Metaspace       used 14008K, capacity 14369K, committed 14592K, reserved 1062912K
  class space    used 1277K, capacity 1479K, committed 1536K, reserved 1048576K
}
Event: 10.433 GC heap before
{Heap before GC invocations=96 (full 0):
 garbage-first heap   total 532480K, used 251990K [0x0000000084e00000, 0x0000000100000000)
  region size 1024K, 2 young (2048K), 1 survivors (1024K)
 Metaspace       used 14008K, capacity 14369K, committed 14592K, reserved 1062912K
  class space    used 1277K, capacity 1479K, committed 1536K, reserved 1048576K
}
Event: 10.439 GC heap after
{Heap after GC invocations=97 (full 0):
 garbage-first heap   total 532480K, used 251966K [0x0000000084e00000, 0x0000000100000000)
  region size 1024K, 1 young (1024K), 1 survivors (1024K)
 Metaspace       used 14008K, capacity 14369K, committed 14592K, reserved 1062912K
  class space    used 1277K, capacity 1479K, committed 1536K, reserved 1048576K
}
Event: 10.499 GC heap before
{Heap before GC invocations=98 (full 0):
 garbage-first heap   total 532480K, used 254014K [0x0000000084e00000, 0x0000000100000000)
  region size 1024K, 3 young (3072K), 1 survivors (1024K)
 Metaspace       used 14008K, capacity 14369K, committed 14592K, reserved 1062912K
  class space    used 1277K, capacity 1479K, committed 1536K, reserved 1048576K
}

